<?xml version="1.0" encoding="UTF-8"?>
<testng-results skipped="0" failed="0" ignored="0" total="1" passed="1">
  <reporter-output>
  </reporter-output>
  <suite name="Suite" duration-ms="152" started-at="2020-07-23T12:03:56 IST" finished-at="2020-07-23T12:03:56 IST">
    <groups>
    </groups>
    <test name="Test" duration-ms="152" started-at="2020-07-23T12:03:56 IST" finished-at="2020-07-23T12:03:56 IST">
      <class name="gitPackage.TestClass">
        <test-method status="PASS" signature="test()[pri:0, instance:gitPackage.TestClass@56f4468b]" name="test" duration-ms="30" started-at="2020-07-23T12:03:56 IST" finished-at="2020-07-23T12:03:56 IST">
          <reporter-output>
          </reporter-output>
        </test-method> <!-- test -->
      </class> <!-- gitPackage.TestClass -->
    </test> <!-- Test -->
  </suite> <!-- Suite -->
</testng-results>
